This file contains any messages produced by compilers while
running configure, to aid debugging if configure makes a mistake.

It was created by L3afpad configure 0.8.18.1.11, which was
generated by GNU Autoconf 2.71.  Invocation command line was

  $ ./configure

## --------- ##
## Platform. ##
## --------- ##

hostname = julia
uname -m = x86_64
uname -r = 5.19.0-45-generic
uname -s = Linux
uname -v = #46~22.04.1-Ubuntu SMP PREEMPT_DYNAMIC Wed Jun 7 15:06:04 UTC 20

/usr/bin/uname -p = x86_64
/bin/uname -X     = unknown

/bin/arch              = x86_64
/usr/bin/arch -k       = unknown
/usr/convex/getsysinfo = unknown
/usr/bin/hostinfo      = unknown
/bin/machine           = unknown
/usr/bin/oslevel       = unknown
/bin/universe          = unknown

PATH: /home/ghdwalker82/bin/
PATH: /usr/local/sbin/
PATH: /usr/local/bin/
PATH: /usr/sbin/
PATH: /usr/bin/
PATH: /sbin/
PATH: /bin/
PATH: /usr/games/
PATH: /usr/local/games/
PATH: /snap/bin/


## ----------- ##
## Core tests. ##
## ----------- ##

configure:2367: looking for aux files: compile missing install-sh
configure:2380:  trying ./
configure:2409:   ./compile found
configure:2409:   ./missing found
configure:2391:   ./install-sh found
configure:2538: checking for a BSD-compatible install
configure:2611: result: /usr/bin/install -c
configure:2622: checking whether build environment is sane
configure:2677: result: yes
configure:2836: checking for a race-free mkdir -p
configure:2880: result: /usr/bin/mkdir -p
configure:2887: checking for gawk
configure:2922: result: no
configure:2887: checking for mawk
configure:2908: found /usr/bin/mawk
configure:2919: result: mawk
configure:2930: checking whether make sets $(MAKE)
configure:2953: result: yes
configure:2983: checking whether make supports nested variables
configure:3001: result: yes
configure:3141: checking whether to enable maintainer-specific portions of Makefiles
configure:3151: result: yes
configure:3177: checking whether make supports the include directive
configure:3192: make -f confmf.GNU && cat confinc.out
this is the am__doit target
configure:3195: $? = 0
configure:3214: result: yes (GNU style)
configure:3290: checking for gcc
configure:3311: found /usr/bin/gcc
configure:3322: result: gcc
configure:3675: checking for C compiler version
configure:3684: gcc --version >&5
gcc (Ubuntu 11.3.0-1ubuntu1~22.04.1) 11.3.0
Copyright (C) 2021 Free Software Foundation, Inc.
This is free software; see the source for copying conditions.  There is NO
warranty; not even for MERCHANTABILITY or FITNESS FOR A PARTICULAR PURPOSE.

configure:3695: $? = 0
configure:3684: gcc -v >&5
Using built-in specs.
COLLECT_GCC=gcc
COLLECT_LTO_WRAPPER=/usr/lib/gcc/x86_64-linux-gnu/11/lto-wrapper
OFFLOAD_TARGET_NAMES=nvptx-none:amdgcn-amdhsa
OFFLOAD_TARGET_DEFAULT=1
Target: x86_64-linux-gnu
Configured with: ../src/configure -v --with-pkgversion='Ubuntu 11.3.0-1ubuntu1~22.04.1' --with-bugurl=file:///usr/share/doc/gcc-11/README.Bugs --enable-languages=c,ada,c++,go,brig,d,fortran,objc,obj-c++,m2 --prefix=/usr --with-gcc-major-version-only --program-suffix=-11 --program-prefix=x86_64-linux-gnu- --enable-shared --enable-linker-build-id --libexecdir=/usr/lib --without-included-gettext --enable-threads=posix --libdir=/usr/lib --enable-nls --enable-bootstrap --enable-clocale=gnu --enable-libstdcxx-debug --enable-libstdcxx-time=yes --with-default-libstdcxx-abi=new --enable-gnu-unique-object --disable-vtable-verify --enable-plugin --enable-default-pie --with-system-zlib --enable-libphobos-checking=release --with-target-system-zlib=auto --enable-objc-gc=auto --enable-multiarch --disable-werror --enable-cet --with-arch-32=i686 --with-abi=m64 --with-multilib-list=m32,m64,mx32 --enable-multilib --with-tune=generic --enable-offload-targets=nvptx-none=/build/gcc-11-aYxV0E/gcc-11-11.3.0/debian/tmp-nvptx/usr,amdgcn-amdhsa=/build/gcc-11-aYxV0E/gcc-11-11.3.0/debian/tmp-gcn/usr --without-cuda-driver --enable-checking=release --build=x86_64-linux-gnu --host=x86_64-linux-gnu --target=x86_64-linux-gnu --with-build-config=bootstrap-lto-lean --enable-link-serialization=2
Thread model: posix
Supported LTO compression algorithms: zlib zstd
gcc version 11.3.0 (Ubuntu 11.3.0-1ubuntu1~22.04.1) 
... rest of stderr output deleted ...
configure:3695: $? = 0
configure:3684: gcc -V >&5
gcc: error: unrecognized command-line option '-V'
gcc: fatal error: no input files
compilation terminated.
configure:3695: $? = 1
configure:3684: gcc -qversion >&5
gcc: error: unrecognized command-line option '-qversion'; did you mean '--version'?
gcc: fatal error: no input files
compilation terminated.
configure:3695: $? = 1
configure:3684: gcc -version >&5
gcc: error: unrecognized command-line option '-version'
gcc: fatal error: no input files
compilation terminated.
configure:3695: $? = 1
configure:3715: checking whether the C compiler works
configure:3737: gcc    conftest.c  >&5
configure:3741: $? = 0
configure:3791: result: yes
configure:3794: checking for C compiler default output file name
configure:3796: result: a.out
configure:3802: checking for suffix of executables
configure:3809: gcc -o conftest    conftest.c  >&5
configure:3813: $? = 0
configure:3836: result: 
configure:3858: checking whether we are cross compiling
configure:3866: gcc -o conftest    conftest.c  >&5
configure:3870: $? = 0
configure:3877: ./conftest
configure:3881: $? = 0
configure:3896: result: no
configure:3901: checking for suffix of object files
configure:3924: gcc -c   conftest.c >&5
configure:3928: $? = 0
configure:3950: result: o
configure:3954: checking whether the compiler supports GNU C
configure:3974: gcc -c   conftest.c >&5
configure:3974: $? = 0
configure:3984: result: yes
configure:3995: checking whether gcc accepts -g
configure:4016: gcc -c -g  conftest.c >&5
configure:4016: $? = 0
configure:4060: result: yes
configure:4080: checking for gcc option to enable C11 features
configure:4095: gcc  -c -g -O2  conftest.c >&5
configure:4095: $? = 0
configure:4113: result: none needed
configure:4229: checking whether gcc understands -c and -o together
configure:4252: gcc -c conftest.c -o conftest2.o
configure:4255: $? = 0
configure:4252: gcc -c conftest.c -o conftest2.o
configure:4255: $? = 0
configure:4267: result: yes
configure:4286: checking dependency style of gcc
configure:4398: result: gcc3
configure:4422: checking for special C compiler options needed for large files
configure:4470: result: no
configure:4476: checking for _FILE_OFFSET_BITS value needed for large files
configure:4502: gcc -c -g -O2  conftest.c >&5
configure:4502: $? = 0
configure:4536: result: no
configure:4619: checking whether NLS is requested
configure:4629: result: yes
configure:4657: checking for intltool-update
configure:4680: found /usr/bin/intltool-update
configure:4692: result: /usr/bin/intltool-update
configure:4702: checking for intltool-merge
configure:4725: found /usr/bin/intltool-merge
configure:4737: result: /usr/bin/intltool-merge
configure:4747: checking for intltool-extract
configure:4770: found /usr/bin/intltool-extract
configure:4782: result: /usr/bin/intltool-extract
configure:4936: checking for xgettext
configure:4959: found /usr/bin/xgettext
configure:4971: result: /usr/bin/xgettext
configure:4981: checking for msgmerge
configure:5004: found /usr/bin/msgmerge
configure:5016: result: /usr/bin/msgmerge
configure:5026: checking for msgfmt
configure:5049: found /usr/bin/msgfmt
configure:5061: result: /usr/bin/msgfmt
configure:5071: checking for gmsgfmt
configure:5107: result: /usr/bin/msgfmt
configure:5127: checking for perl
configure:5150: found /usr/bin/perl
configure:5162: result: /usr/bin/perl
configure:5173: checking for perl >= 5.8.1
configure:5180: result: 5.34.0
configure:5253: checking for gcc
configure:5285: result: gcc
configure:5638: checking for C compiler version
configure:5647: gcc --version >&5
gcc (Ubuntu 11.3.0-1ubuntu1~22.04.1) 11.3.0
Copyright (C) 2021 Free Software Foundation, Inc.
This is free software; see the source for copying conditions.  There is NO
warranty; not even for MERCHANTABILITY or FITNESS FOR A PARTICULAR PURPOSE.

configure:5658: $? = 0
configure:5647: gcc -v >&5
Using built-in specs.
COLLECT_GCC=gcc
COLLECT_LTO_WRAPPER=/usr/lib/gcc/x86_64-linux-gnu/11/lto-wrapper
OFFLOAD_TARGET_NAMES=nvptx-none:amdgcn-amdhsa
OFFLOAD_TARGET_DEFAULT=1
Target: x86_64-linux-gnu
Configured with: ../src/configure -v --with-pkgversion='Ubuntu 11.3.0-1ubuntu1~22.04.1' --with-bugurl=file:///usr/share/doc/gcc-11/README.Bugs --enable-languages=c,ada,c++,go,brig,d,fortran,objc,obj-c++,m2 --prefix=/usr --with-gcc-major-version-only --program-suffix=-11 --program-prefix=x86_64-linux-gnu- --enable-shared --enable-linker-build-id --libexecdir=/usr/lib --without-included-gettext --enable-threads=posix --libdir=/usr/lib --enable-nls --enable-bootstrap --enable-clocale=gnu --enable-libstdcxx-debug --enable-libstdcxx-time=yes --with-default-libstdcxx-abi=new --enable-gnu-unique-object --disable-vtable-verify --enable-plugin --enable-default-pie --with-system-zlib --enable-libphobos-checking=release --with-target-system-zlib=auto --enable-objc-gc=auto --enable-multiarch --disable-werror --enable-cet --with-arch-32=i686 --with-abi=m64 --with-multilib-list=m32,m64,mx32 --enable-multilib --with-tune=generic --enable-offload-targets=nvptx-none=/build/gcc-11-aYxV0E/gcc-11-11.3.0/debian/tmp-nvptx/usr,amdgcn-amdhsa=/build/gcc-11-aYxV0E/gcc-11-11.3.0/debian/tmp-gcn/usr --without-cuda-driver --enable-checking=release --build=x86_64-linux-gnu --host=x86_64-linux-gnu --target=x86_64-linux-gnu --with-build-config=bootstrap-lto-lean --enable-link-serialization=2
Thread model: posix
Supported LTO compression algorithms: zlib zstd
gcc version 11.3.0 (Ubuntu 11.3.0-1ubuntu1~22.04.1) 
... rest of stderr output deleted ...
configure:5658: $? = 0
configure:5647: gcc -V >&5
gcc: error: unrecognized command-line option '-V'
gcc: fatal error: no input files
compilation terminated.
configure:5658: $? = 1
configure:5647: gcc -qversion >&5
gcc: error: unrecognized command-line option '-qversion'; did you mean '--version'?
gcc: fatal error: no input files
compilation terminated.
configure:5658: $? = 1
configure:5647: gcc -version >&5
gcc: error: unrecognized command-line option '-version'
gcc: fatal error: no input files
compilation terminated.
configure:5658: $? = 1
configure:5662: checking whether the compiler supports GNU C
configure:5692: result: yes
configure:5703: checking whether gcc accepts -g
configure:5768: result: yes
configure:5788: checking for gcc option to enable C11 features
configure:5821: result: none needed
configure:5937: checking whether gcc understands -c and -o together
configure:5975: result: yes
configure:5994: checking dependency style of gcc
configure:6106: result: gcc3
configure:6185: checking for pkg-config
configure:6208: found /usr/bin/pkg-config
configure:6220: result: /usr/bin/pkg-config
configure:6245: checking pkg-config is at least version 0.9.0
configure:6248: result: yes
configure:6258: checking for gtk+-3.0
configure:6265: $PKG_CONFIG --exists --print-errors "gtk+-3.0"
configure:6268: $? = 0
configure:6282: $PKG_CONFIG --exists --print-errors "gtk+-3.0"
configure:6285: $? = 0
configure:6343: result: yes
configure:6414: checking for stdio.h
configure:6414: gcc -c -g -O2 -Wall  conftest.c >&5
configure:6414: $? = 0
configure:6414: result: yes
configure:6414: checking for stdlib.h
configure:6414: gcc -c -g -O2 -Wall  conftest.c >&5
configure:6414: $? = 0
configure:6414: result: yes
configure:6414: checking for string.h
configure:6414: gcc -c -g -O2 -Wall  conftest.c >&5
configure:6414: $? = 0
configure:6414: result: yes
configure:6414: checking for inttypes.h
configure:6414: gcc -c -g -O2 -Wall  conftest.c >&5
configure:6414: $? = 0
configure:6414: result: yes
configure:6414: checking for stdint.h
configure:6414: gcc -c -g -O2 -Wall  conftest.c >&5
configure:6414: $? = 0
configure:6414: result: yes
configure:6414: checking for strings.h
configure:6414: gcc -c -g -O2 -Wall  conftest.c >&5
configure:6414: $? = 0
configure:6414: result: yes
configure:6414: checking for sys/stat.h
configure:6414: gcc -c -g -O2 -Wall  conftest.c >&5
configure:6414: $? = 0
configure:6414: result: yes
configure:6414: checking for sys/types.h
configure:6414: gcc -c -g -O2 -Wall  conftest.c >&5
configure:6414: $? = 0
configure:6414: result: yes
configure:6414: checking for unistd.h
configure:6414: gcc -c -g -O2 -Wall  conftest.c >&5
configure:6414: $? = 0
configure:6414: result: yes
configure:6440: checking for locale.h
configure:6440: gcc -c -g -O2 -Wall  conftest.c >&5
configure:6440: $? = 0
configure:6440: result: yes
configure:6448: checking for LC_MESSAGES
configure:6465: gcc -o conftest -g -O2 -Wall   conftest.c  >&5
configure:6465: $? = 0
configure:6474: result: yes
configure:6492: checking for CFPreferencesCopyAppValue
configure:6511: gcc -o conftest -g -O2 -Wall   conftest.c  -Wl,-framework -Wl,CoreFoundation >&5
conftest.c:23:10: fatal error: CoreFoundation/CFPreferences.h: No such file or directory
   23 | #include <CoreFoundation/CFPreferences.h>
      |          ^~~~~~~~~~~~~~~~~~~~~~~~~~~~~~~~
compilation terminated.
configure:6511: $? = 1
configure: failed program was:
| /* confdefs.h */
| #define PACKAGE_NAME "L3afpad"
| #define PACKAGE_TARNAME "l3afpad"
| #define PACKAGE_VERSION "0.8.18.1.11"
| #define PACKAGE_STRING "L3afpad 0.8.18.1.11"
| #define PACKAGE_BUGREPORT "stevenhoneyman@gmail.com"
| #define PACKAGE_URL ""
| #define PACKAGE "l3afpad"
| #define VERSION "0.8.18.1.11"
| #define HAVE_STDIO_H 1
| #define HAVE_STDLIB_H 1
| #define HAVE_STRING_H 1
| #define HAVE_INTTYPES_H 1
| #define HAVE_STDINT_H 1
| #define HAVE_STRINGS_H 1
| #define HAVE_SYS_STAT_H 1
| #define HAVE_SYS_TYPES_H 1
| #define HAVE_UNISTD_H 1
| #define STDC_HEADERS 1
| #define HAVE_LOCALE_H 1
| #define HAVE_LC_MESSAGES 1
| /* end confdefs.h.  */
| #include <CoreFoundation/CFPreferences.h>
| int
| main (void)
| {
| CFPreferencesCopyAppValue(NULL, NULL)
|   ;
|   return 0;
| }
configure:6521: result: no
configure:6528: checking for CFLocaleCopyCurrent
configure:6547: gcc -o conftest -g -O2 -Wall   conftest.c  -Wl,-framework -Wl,CoreFoundation >&5
conftest.c:23:10: fatal error: CoreFoundation/CFLocale.h: No such file or directory
   23 | #include <CoreFoundation/CFLocale.h>
      |          ^~~~~~~~~~~~~~~~~~~~~~~~~~~
compilation terminated.
configure:6547: $? = 1
configure: failed program was:
| /* confdefs.h */
| #define PACKAGE_NAME "L3afpad"
| #define PACKAGE_TARNAME "l3afpad"
| #define PACKAGE_VERSION "0.8.18.1.11"
| #define PACKAGE_STRING "L3afpad 0.8.18.1.11"
| #define PACKAGE_BUGREPORT "stevenhoneyman@gmail.com"
| #define PACKAGE_URL ""
| #define PACKAGE "l3afpad"
| #define VERSION "0.8.18.1.11"
| #define HAVE_STDIO_H 1
| #define HAVE_STDLIB_H 1
| #define HAVE_STRING_H 1
| #define HAVE_INTTYPES_H 1
| #define HAVE_STDINT_H 1
| #define HAVE_STRINGS_H 1
| #define HAVE_SYS_STAT_H 1
| #define HAVE_SYS_TYPES_H 1
| #define HAVE_UNISTD_H 1
| #define STDC_HEADERS 1
| #define HAVE_LOCALE_H 1
| #define HAVE_LC_MESSAGES 1
| /* end confdefs.h.  */
| #include <CoreFoundation/CFLocale.h>
| int
| main (void)
| {
| CFLocaleCopyCurrent();
|   ;
|   return 0;
| }
configure:6557: result: no
configure:6571: checking for libintl.h
configure:6571: gcc -c -g -O2 -Wall  conftest.c >&5
configure:6571: $? = 0
configure:6571: result: yes
configure:6580: checking for ngettext in libc
configure:6599: gcc -o conftest -g -O2 -Wall   conftest.c  >&5
configure:6599: $? = 0
configure:6609: result: yes
configure:6613: checking for dgettext in libc
configure:6632: gcc -o conftest -g -O2 -Wall   conftest.c  >&5
configure:6632: $? = 0
configure:6642: result: yes
configure:6647: checking for bind_textdomain_codeset
configure:6647: gcc -o conftest -g -O2 -Wall   conftest.c  >&5
configure:6647: $? = 0
configure:6647: result: yes
configure:6917: checking for msgfmt
configure:6945: result: /usr/bin/msgfmt
configure:6954: checking for dcgettext
configure:6954: gcc -o conftest -g -O2 -Wall   conftest.c   >&5
conftest.c:41:6: warning: conflicting types for built-in function 'dcgettext'; expected 'char *(const char *, const char *, int)' [-Wbuiltin-declaration-mismatch]
   41 | char dcgettext ();
      |      ^~~~~~~~~
configure:6954: $? = 0
configure:6954: result: yes
configure:6962: checking if msgfmt accepts -c
configure:6977: $MSGFMT -c -o /dev/null conftest.foo
conftest.foo:3: warning: header field 'Language' missing in header
configure:6980: $? = 0
configure:6982: result: yes
configure:6992: checking for gmsgfmt
configure:7028: result: /usr/bin/msgfmt
configure:7038: checking for xgettext
configure:7066: result: /usr/bin/xgettext
configure:7085: gcc -o conftest -g -O2 -Wall   conftest.c   >&5
configure:7085: $? = 0
configure:7346: checking that generated files are newer than configure
configure:7352: result: done
configure:7387: creating ./config.status

## ---------------------- ##
## Running config.status. ##
## ---------------------- ##

This file was extended by L3afpad config.status 0.8.18.1.11, which was
generated by GNU Autoconf 2.71.  Invocation command line was

  CONFIG_FILES    = 
  CONFIG_HEADERS  = 
  CONFIG_LINKS    = 
  CONFIG_COMMANDS = 
  $ ./config.status 

on julia

config.status:954: creating Makefile
config.status:954: creating src/Makefile
config.status:954: creating data/Makefile
config.status:954: creating data/icons/16x16/Makefile
config.status:954: creating data/icons/20x20/Makefile
config.status:954: creating data/icons/22x22/Makefile
config.status:954: creating data/icons/24x24/Makefile
config.status:954: creating data/icons/32x32/Makefile
config.status:954: creating data/icons/36x36/Makefile
config.status:954: creating data/icons/40x40/Makefile
config.status:954: creating data/icons/48x48/Makefile
config.status:954: creating data/icons/64x64/Makefile
config.status:954: creating data/icons/72x72/Makefile
config.status:954: creating data/icons/96x96/Makefile
config.status:954: creating data/icons/128x128/Makefile
config.status:954: creating data/icons/192x192/Makefile
config.status:954: creating data/icons/256x256/Makefile
config.status:954: creating data/icons/Makefile
config.status:954: creating po/Makefile.in
config.status:954: creating config.h
config.status:1183: executing depfiles commands
config.status:1260: cd src       && sed -e '/# am--include-marker/d' Makefile         | make -f - am--depfiles
config.status:1265: $? = 0
config.status:1183: executing default-1 commands
config.status:1183: executing po/stamp-it commands

## ---------------- ##
## Cache variables. ##
## ---------------- ##

ac_cv_c_compiler_gnu=yes
ac_cv_env_CC_set=
ac_cv_env_CC_value=
ac_cv_env_CFLAGS_set=
ac_cv_env_CFLAGS_value=
ac_cv_env_CPPFLAGS_set=
ac_cv_env_CPPFLAGS_value=
ac_cv_env_GTK_CFLAGS_set=
ac_cv_env_GTK_CFLAGS_value=
ac_cv_env_GTK_LIBS_set=
ac_cv_env_GTK_LIBS_value=
ac_cv_env_LDFLAGS_set=
ac_cv_env_LDFLAGS_value=
ac_cv_env_LIBS_set=
ac_cv_env_LIBS_value=
ac_cv_env_PKG_CONFIG_LIBDIR_set=
ac_cv_env_PKG_CONFIG_LIBDIR_value=
ac_cv_env_PKG_CONFIG_PATH_set=
ac_cv_env_PKG_CONFIG_PATH_value=
ac_cv_env_PKG_CONFIG_set=
ac_cv_env_PKG_CONFIG_value=
ac_cv_env_build_alias_set=
ac_cv_env_build_alias_value=
ac_cv_env_host_alias_set=
ac_cv_env_host_alias_value=
ac_cv_env_target_alias_set=
ac_cv_env_target_alias_value=
ac_cv_func_bind_textdomain_codeset=yes
ac_cv_func_dcgettext=yes
ac_cv_header_inttypes_h=yes
ac_cv_header_libintl_h=yes
ac_cv_header_locale_h=yes
ac_cv_header_stdint_h=yes
ac_cv_header_stdio_h=yes
ac_cv_header_stdlib_h=yes
ac_cv_header_string_h=yes
ac_cv_header_strings_h=yes
ac_cv_header_sys_stat_h=yes
ac_cv_header_sys_types_h=yes
ac_cv_header_unistd_h=yes
ac_cv_objext=o
ac_cv_path_GMSGFMT=/usr/bin/msgfmt
ac_cv_path_INTLTOOL_EXTRACT=/usr/bin/intltool-extract
ac_cv_path_INTLTOOL_MERGE=/usr/bin/intltool-merge
ac_cv_path_INTLTOOL_PERL=/usr/bin/perl
ac_cv_path_INTLTOOL_UPDATE=/usr/bin/intltool-update
ac_cv_path_MSGFMT=/usr/bin/msgfmt
ac_cv_path_MSGMERGE=/usr/bin/msgmerge
ac_cv_path_XGETTEXT=/usr/bin/xgettext
ac_cv_path_ac_pt_PKG_CONFIG=/usr/bin/pkg-config
ac_cv_path_install='/usr/bin/install -c'
ac_cv_path_mkdir=/usr/bin/mkdir
ac_cv_prog_AWK=mawk
ac_cv_prog_ac_ct_CC=gcc
ac_cv_prog_cc_c11=
ac_cv_prog_cc_g=yes
ac_cv_prog_cc_stdc=
ac_cv_prog_make_make_set=yes
ac_cv_sys_file_offset_bits=no
ac_cv_sys_largefile_CC=no
am_cv_CC_dependencies_compiler_type=gcc3
am_cv_make_support_nested_variables=yes
am_cv_prog_cc_c_o=yes
am_cv_val_LC_MESSAGES=yes
gt_cv_func_CFLocaleCopyCurrent=no
gt_cv_func_CFPreferencesCopyAppValue=no
gt_cv_func_dgettext_libc=yes
gt_cv_func_dgettext_libintl=no
gt_cv_func_ngettext_libc=yes
gt_cv_have_gettext=yes
pkg_cv_GTK_CFLAGS='-pthread -I/usr/include/gtk-3.0 -I/usr/include/at-spi2-atk/2.0 -I/usr/include/at-spi-2.0 -I/usr/include/dbus-1.0 -I/usr/lib/x86_64-linux-gnu/dbus-1.0/include -I/usr/include/gtk-3.0 -I/usr/include/gio-unix-2.0 -I/usr/include/cairo -I/usr/include/pango-1.0 -I/usr/include/harfbuzz -I/usr/include/pango-1.0 -I/usr/include/fribidi -I/usr/include/harfbuzz -I/usr/include/atk-1.0 -I/usr/include/cairo -I/usr/include/pixman-1 -I/usr/include/uuid -I/usr/include/freetype2 -I/usr/include/gdk-pixbuf-2.0 -I/usr/include/libpng16 -I/usr/include/x86_64-linux-gnu -I/usr/include/libmount -I/usr/include/blkid -I/usr/include/glib-2.0 -I/usr/lib/x86_64-linux-gnu/glib-2.0/include'
pkg_cv_GTK_LIBS='-lgtk-3 -lgdk-3 -lpangocairo-1.0 -lpango-1.0 -lharfbuzz -latk-1.0 -lcairo-gobject -lcairo -lgdk_pixbuf-2.0 -lgio-2.0 -lgobject-2.0 -lglib-2.0'

## ----------------- ##
## Output variables. ##
## ----------------- ##

ACLOCAL='${SHELL} '\''/home/ghdwalker82/Downloads/leafpad/l3afpad-master/missing'\'' aclocal-1.16'
ALL_LINGUAS=''
AMDEPBACKSLASH='\'
AMDEP_FALSE='#'
AMDEP_TRUE=''
AMTAR='$${TAR-tar}'
AM_BACKSLASH='\'
AM_DEFAULT_V='$(AM_DEFAULT_VERBOSITY)'
AM_DEFAULT_VERBOSITY='1'
AM_V='$(V)'
AUTOCONF='${SHELL} '\''/home/ghdwalker82/Downloads/leafpad/l3afpad-master/missing'\'' autoconf'
AUTOHEADER='${SHELL} '\''/home/ghdwalker82/Downloads/leafpad/l3afpad-master/missing'\'' autoheader'
AUTOMAKE='${SHELL} '\''/home/ghdwalker82/Downloads/leafpad/l3afpad-master/missing'\'' automake-1.16'
AWK='mawk'
CATALOGS=''
CATOBJEXT='.gmo'
CC='gcc'
CCDEPMODE='depmode=gcc3'
CFLAGS='-g -O2 -Wall'
CPPFLAGS=''
CSCOPE='cscope'
CTAGS='ctags'
CYGPATH_W='echo'
DATADIRNAME='share'
DEFS='-DHAVE_CONFIG_H'
DEPDIR='.deps'
ECHO_C=''
ECHO_N='-n'
ECHO_T=''
ETAGS='etags'
EXEEXT=''
GETTEXT_PACKAGE='l3afpad'
GMOFILES=''
GMSGFMT='/usr/bin/msgfmt'
GTK_CFLAGS='-pthread -I/usr/include/gtk-3.0 -I/usr/include/at-spi2-atk/2.0 -I/usr/include/at-spi-2.0 -I/usr/include/dbus-1.0 -I/usr/lib/x86_64-linux-gnu/dbus-1.0/include -I/usr/include/gtk-3.0 -I/usr/include/gio-unix-2.0 -I/usr/include/cairo -I/usr/include/pango-1.0 -I/usr/include/harfbuzz -I/usr/include/pango-1.0 -I/usr/include/fribidi -I/usr/include/harfbuzz -I/usr/include/atk-1.0 -I/usr/include/cairo -I/usr/include/pixman-1 -I/usr/include/uuid -I/usr/include/freetype2 -I/usr/include/gdk-pixbuf-2.0 -I/usr/include/libpng16 -I/usr/include/x86_64-linux-gnu -I/usr/include/libmount -I/usr/include/blkid -I/usr/include/glib-2.0 -I/usr/lib/x86_64-linux-gnu/glib-2.0/include'
GTK_LIBS='-lgtk-3 -lgdk-3 -lpangocairo-1.0 -lpango-1.0 -lharfbuzz -latk-1.0 -lcairo-gobject -lcairo -lgdk_pixbuf-2.0 -lgio-2.0 -lgobject-2.0 -lglib-2.0'
INSTALL_DATA='${INSTALL} -m 644'
INSTALL_PROGRAM='${INSTALL}'
INSTALL_SCRIPT='${INSTALL}'
INSTALL_STRIP_PROGRAM='$(install_sh) -c -s'
INSTOBJEXT='.mo'
INTLLIBS=''
INTLTOOL_CAVES_RULE='%.caves:     %.caves.in     $(INTLTOOL_MERGE) $(wildcard $(top_srcdir)/po/*.po) ; $(INTLTOOL_V_MERGE)LC_ALL=C $(INTLTOOL_MERGE) $(INTLTOOL_V_MERGE_OPTIONS) -d -u -c $(top_builddir)/po/.intltool-merge-cache $(top_srcdir)/po $< $@'
INTLTOOL_DESKTOP_RULE='%.desktop:   %.desktop.in   $(INTLTOOL_MERGE) $(wildcard $(top_srcdir)/po/*.po) ; $(INTLTOOL_V_MERGE)LC_ALL=C $(INTLTOOL_MERGE) $(INTLTOOL_V_MERGE_OPTIONS) -d -u -c $(top_builddir)/po/.intltool-merge-cache $(top_srcdir)/po $< $@'
INTLTOOL_DIRECTORY_RULE='%.directory: %.directory.in $(INTLTOOL_MERGE) $(wildcard $(top_srcdir)/po/*.po) ; $(INTLTOOL_V_MERGE)LC_ALL=C $(INTLTOOL_MERGE) $(INTLTOOL_V_MERGE_OPTIONS) -d -u -c $(top_builddir)/po/.intltool-merge-cache $(top_srcdir)/po $< $@'
INTLTOOL_EXTRACT='/usr/bin/intltool-extract'
INTLTOOL_KBD_RULE='%.kbd:       %.kbd.in       $(INTLTOOL_MERGE) $(wildcard $(top_srcdir)/po/*.po) ; $(INTLTOOL_V_MERGE)LC_ALL=C $(INTLTOOL_MERGE) $(INTLTOOL_V_MERGE_OPTIONS) -x -u -m -c $(top_builddir)/po/.intltool-merge-cache $(top_srcdir)/po $< $@'
INTLTOOL_KEYS_RULE='%.keys:      %.keys.in      $(INTLTOOL_MERGE) $(wildcard $(top_srcdir)/po/*.po) ; $(INTLTOOL_V_MERGE)LC_ALL=C $(INTLTOOL_MERGE) $(INTLTOOL_V_MERGE_OPTIONS) -k -u -c $(top_builddir)/po/.intltool-merge-cache $(top_srcdir)/po $< $@'
INTLTOOL_MERGE='/usr/bin/intltool-merge'
INTLTOOL_OAF_RULE='%.oaf:       %.oaf.in       $(INTLTOOL_MERGE) $(wildcard $(top_srcdir)/po/*.po) ; $(INTLTOOL_V_MERGE)LC_ALL=C $(INTLTOOL_MERGE) $(INTLTOOL_V_MERGE_OPTIONS) -o -p $(top_srcdir)/po $< $@'
INTLTOOL_PERL='/usr/bin/perl'
INTLTOOL_POLICY_RULE='%.policy:    %.policy.in    $(INTLTOOL_MERGE) $(wildcard $(top_srcdir)/po/*.po) ; $(INTLTOOL_V_MERGE)LC_ALL=C $(INTLTOOL_MERGE) $(INTLTOOL_V_MERGE_OPTIONS) -x -u -c $(top_builddir)/po/.intltool-merge-cache $(top_srcdir)/po $< $@'
INTLTOOL_PONG_RULE='%.pong:      %.pong.in      $(INTLTOOL_MERGE) $(wildcard $(top_srcdir)/po/*.po) ; $(INTLTOOL_V_MERGE)LC_ALL=C $(INTLTOOL_MERGE) $(INTLTOOL_V_MERGE_OPTIONS) -x -u -c $(top_builddir)/po/.intltool-merge-cache $(top_srcdir)/po $< $@'
INTLTOOL_PROP_RULE='%.prop:      %.prop.in      $(INTLTOOL_MERGE) $(wildcard $(top_srcdir)/po/*.po) ; $(INTLTOOL_V_MERGE)LC_ALL=C $(INTLTOOL_MERGE) $(INTLTOOL_V_MERGE_OPTIONS) -d -u -c $(top_builddir)/po/.intltool-merge-cache $(top_srcdir)/po $< $@'
INTLTOOL_SCHEMAS_RULE='%.schemas:   %.schemas.in   $(INTLTOOL_MERGE) $(wildcard $(top_srcdir)/po/*.po) ; $(INTLTOOL_V_MERGE)LC_ALL=C $(INTLTOOL_MERGE) $(INTLTOOL_V_MERGE_OPTIONS) -s -u -c $(top_builddir)/po/.intltool-merge-cache $(top_srcdir)/po $< $@'
INTLTOOL_SERVER_RULE='%.server:    %.server.in    $(INTLTOOL_MERGE) $(wildcard $(top_srcdir)/po/*.po) ; $(INTLTOOL_V_MERGE)LC_ALL=C $(INTLTOOL_MERGE) $(INTLTOOL_V_MERGE_OPTIONS) -o -u -c $(top_builddir)/po/.intltool-merge-cache $(top_srcdir)/po $< $@'
INTLTOOL_SERVICE_RULE='%.service: %.service.in   $(INTLTOOL_MERGE) $(wildcard $(top_srcdir)/po/*.po) ; $(INTLTOOL_V_MERGE)LC_ALL=C $(INTLTOOL_MERGE) $(INTLTOOL_V_MERGE_OPTIONS) -d -u -c $(top_builddir)/po/.intltool-merge-cache $(top_srcdir)/po $< $@'
INTLTOOL_SHEET_RULE='%.sheet:     %.sheet.in     $(INTLTOOL_MERGE) $(wildcard $(top_srcdir)/po/*.po) ; $(INTLTOOL_V_MERGE)LC_ALL=C $(INTLTOOL_MERGE) $(INTLTOOL_V_MERGE_OPTIONS) -x -u -c $(top_builddir)/po/.intltool-merge-cache $(top_srcdir)/po $< $@'
INTLTOOL_SOUNDLIST_RULE='%.soundlist: %.soundlist.in $(INTLTOOL_MERGE) $(wildcard $(top_srcdir)/po/*.po) ; $(INTLTOOL_V_MERGE)LC_ALL=C $(INTLTOOL_MERGE) $(INTLTOOL_V_MERGE_OPTIONS) -d -u -c $(top_builddir)/po/.intltool-merge-cache $(top_srcdir)/po $< $@'
INTLTOOL_THEME_RULE='%.theme:     %.theme.in     $(INTLTOOL_MERGE) $(wildcard $(top_srcdir)/po/*.po) ; $(INTLTOOL_V_MERGE)LC_ALL=C $(INTLTOOL_MERGE) $(INTLTOOL_V_MERGE_OPTIONS) -d -u -c $(top_builddir)/po/.intltool-merge-cache $(top_srcdir)/po $< $@'
INTLTOOL_UI_RULE='%.ui:        %.ui.in        $(INTLTOOL_MERGE) $(wildcard $(top_srcdir)/po/*.po) ; $(INTLTOOL_V_MERGE)LC_ALL=C $(INTLTOOL_MERGE) $(INTLTOOL_V_MERGE_OPTIONS) -x -u -c $(top_builddir)/po/.intltool-merge-cache $(top_srcdir)/po $< $@'
INTLTOOL_UPDATE='/usr/bin/intltool-update'
INTLTOOL_V_MERGE='$(INTLTOOL__v_MERGE_$(V))'
INTLTOOL_V_MERGE_OPTIONS='$(intltool__v_merge_options_$(V))'
INTLTOOL_XAM_RULE='%.xam:       %.xml.in       $(INTLTOOL_MERGE) $(wildcard $(top_srcdir)/po/*.po) ; $(INTLTOOL_V_MERGE)LC_ALL=C $(INTLTOOL_MERGE) $(INTLTOOL_V_MERGE_OPTIONS) -x -u -c $(top_builddir)/po/.intltool-merge-cache $(top_srcdir)/po $< $@'
INTLTOOL_XML_NOMERGE_RULE='%.xml:       %.xml.in       $(INTLTOOL_MERGE) ; $(INTLTOOL_V_MERGE)LC_ALL=C $(INTLTOOL_MERGE) $(INTLTOOL_V_MERGE_OPTIONS) -x -u --no-translations $< $@'
INTLTOOL_XML_RULE='%.xml:       %.xml.in       $(INTLTOOL_MERGE) $(wildcard $(top_srcdir)/po/*.po) ; $(INTLTOOL_V_MERGE)LC_ALL=C $(INTLTOOL_MERGE) $(INTLTOOL_V_MERGE_OPTIONS) -x -u -c $(top_builddir)/po/.intltool-merge-cache $(top_srcdir)/po $< $@'
INTLTOOL__v_MERGE_0='@echo "  ITMRG " $@;'
INTLTOOL__v_MERGE_='$(INTLTOOL__v_MERGE_$(AM_DEFAULT_VERBOSITY))'
INTL_MACOSX_LIBS=''
LDFLAGS=''
LIBOBJS=''
LIBS=''
LTLIBOBJS=''
MAINT=''
MAINTAINER_MODE_FALSE='#'
MAINTAINER_MODE_TRUE=''
MAKEINFO='${SHELL} '\''/home/ghdwalker82/Downloads/leafpad/l3afpad-master/missing'\'' makeinfo'
MKDIR_P='/usr/bin/mkdir -p'
MKINSTALLDIRS='.//mkinstalldirs'
MSGFMT='/usr/bin/msgfmt'
MSGFMT_OPTS='-c'
MSGMERGE='/usr/bin/msgmerge'
OBJEXT='o'
PACKAGE='l3afpad'
PACKAGE_BUGREPORT='stevenhoneyman@gmail.com'
PACKAGE_NAME='L3afpad'
PACKAGE_STRING='L3afpad 0.8.18.1.11'
PACKAGE_TARNAME='l3afpad'
PACKAGE_URL=''
PACKAGE_VERSION='0.8.18.1.11'
PATH_SEPARATOR=':'
PKG_CONFIG='/usr/bin/pkg-config'
PKG_CONFIG_LIBDIR=''
PKG_CONFIG_PATH=''
POFILES=''
POSUB='po'
PO_IN_DATADIR_FALSE=''
PO_IN_DATADIR_TRUE=''
SET_MAKE=''
SHELL='/bin/bash'
STRIP=''
USE_NLS='yes'
VERSION='0.8.18.1.11'
XGETTEXT='/usr/bin/xgettext'
ac_ct_CC='gcc'
am__EXEEXT_FALSE=''
am__EXEEXT_TRUE='#'
am__fastdepCC_FALSE='#'
am__fastdepCC_TRUE=''
am__include='include'
am__isrc=''
am__leading_dot='.'
am__nodep='_no'
am__quote=''
am__tar='$${TAR-tar} chof - "$$tardir"'
am__untar='$${TAR-tar} xf -'
bindir='${exec_prefix}/bin'
build_alias=''
datadir='${datarootdir}'
datarootdir='${prefix}/share'
docdir='${datarootdir}/doc/${PACKAGE_TARNAME}'
dvidir='${docdir}'
exec_prefix='${prefix}'
host_alias=''
htmldir='${docdir}'
includedir='${prefix}/include'
infodir='${datarootdir}/info'
install_sh='${SHELL} /home/ghdwalker82/Downloads/leafpad/l3afpad-master/install-sh'
intltool__v_merge_options_0='-q'
intltool__v_merge_options_='$(intltool__v_merge_options_$(AM_DEFAULT_VERBOSITY))'
libdir='${exec_prefix}/lib'
libexecdir='${exec_prefix}/libexec'
localedir='/usr/local/share/locale'
localstatedir='${prefix}/var'
mandir='${datarootdir}/man'
mkdir_p='$(MKDIR_P)'
oldincludedir='/usr/include'
pdfdir='${docdir}'
prefix='/usr/local'
program_transform_name='s,x,x,'
psdir='${docdir}'
runstatedir='${localstatedir}/run'
sbindir='${exec_prefix}/sbin'
sharedstatedir='${prefix}/com'
sysconfdir='${prefix}/etc'
target_alias=''

## ----------- ##
## confdefs.h. ##
## ----------- ##

/* confdefs.h */
#define PACKAGE_NAME "L3afpad"
#define PACKAGE_TARNAME "l3afpad"
#define PACKAGE_VERSION "0.8.18.1.11"
#define PACKAGE_STRING "L3afpad 0.8.18.1.11"
#define PACKAGE_BUGREPORT "stevenhoneyman@gmail.com"
#define PACKAGE_URL ""
#define PACKAGE "l3afpad"
#define VERSION "0.8.18.1.11"
#define HAVE_STDIO_H 1
#define HAVE_STDLIB_H 1
#define HAVE_STRING_H 1
#define HAVE_INTTYPES_H 1
#define HAVE_STDINT_H 1
#define HAVE_STRINGS_H 1
#define HAVE_SYS_STAT_H 1
#define HAVE_SYS_TYPES_H 1
#define HAVE_UNISTD_H 1
#define STDC_HEADERS 1
#define HAVE_LOCALE_H 1
#define HAVE_LC_MESSAGES 1
#define HAVE_BIND_TEXTDOMAIN_CODESET 1
#define HAVE_GETTEXT 1
#define HAVE_DCGETTEXT 1
#define ENABLE_NLS 1
#define LOCALEDIR "/usr/local/share/locale"

configure: exit 0
